Using pre-set license
Built from '2020.3/release' branch; Version is '2020.3.7f1 (dd97f2c94397) revision 14522354'; Using compiler version '192528614'; Build Type 'Release'
OS: 'Windows 10 Home Single Language; OS build 19042.1165; Version 2009; 64bit' Language: 'tr' Physical Memory: 16269 MB
BatchMode: 1, IsHumanControllingUs: 0, StartBugReporterOnCrash: 0, Is64bit: 1, IsPro: 0

 COMMAND LINE ARGUMENTS:
C:\Program Files\Unity\Hub\Editor\2020.3.7f1\Editor\Unity.exe
-adb2
-batchMode
-noUpm
-name
AssetImportWorker0
-projectPath
D:/CS/Current/UnityProjects/gyroscope-game
-logFile
Logs/AssetImportWorker0.log
-srvPort
52118
Successfully changed project path to: D:/CS/Current/UnityProjects/gyroscope-game
D:/CS/Current/UnityProjects/gyroscope-game
Using Asset Import Pipeline V2.
Refreshing native plugins compatible for Editor in 95.67 ms, found 0 plugins.
Preloading 0 native plugins for Editor in 0.00 ms.
Initialize engine version: 2020.3.7f1 (dd97f2c94397)
[Subsystems] Discovering subsystems at path C:/Program Files/Unity/Hub/Editor/2020.3.7f1/Editor/Data/Resources/UnitySubsystems
[Subsystems] Discovering subsystems at path D:/CS/Current/UnityProjects/gyroscope-game/Assets
GfxDevice: creating device client; threaded=0
Direct3D:
    Version:  Direct3D 11.0 [level 11.1]
    Renderer: NVIDIA GeForce GTX 1050 (ID=0x1c8d)
    Vendor:   
    VRAM:     4019 MB
    Driver:   30.0.14.7141
Initialize mono
Mono path[0] = 'C:/Program Files/Unity/Hub/Editor/2020.3.7f1/Editor/Data/Managed'
Mono path[1] = 'C:/Program Files/Unity/Hub/Editor/2020.3.7f1/Editor/Data/MonoBleedingEdge/lib/mono/unityjit'
Mono config path = 'C:/Program Files/Unity/Hub/Editor/2020.3.7f1/Editor/Data/MonoBleedingEdge/etc'
Using monoOptions --debugger-agent=transport=dt_socket,embedding=1,server=y,suspend=n,address=127.0.0.1:56944
Begin MonoManager ReloadAssembly
Registering precompiled unity dll's ...
Register platform support module: C:/Program Files/Unity/Hub/Editor/2020.3.7f1/Editor/Data/PlaybackEngines/WebGLSupport/UnityEditor.WebGL.Extensions.dll
Register platform support module: C:/Program Files/Unity/Hub/Editor/2020.3.7f1/Editor/Data/PlaybackEngines/WindowsStandaloneSupport/UnityEditor.WindowsStandalone.Extensions.dll
Registered in 0.005584 seconds.
Native extension for WindowsStandalone target not found
Native extension for WebGL target not found
Refreshing native plugins compatible for Editor in 63.29 ms, found 0 plugins.
Preloading 0 native plugins for Editor in 0.00 ms.
Mono: successfully reloaded assembly
- Completed reload, in  3.512 seconds
Platform modules already initialized, skipping
Registering precompiled user dll's ...
Registered in 0.002318 seconds.
Begin MonoManager ReloadAssembly
Native extension for WindowsStandalone target not found
Native extension for WebGL target not found
Refreshing native plugins compatible for Editor in 0.70 ms, found 0 plugins.
Preloading 0 native plugins for Editor in 0.00 ms.
Mono: successfully reloaded assembly
- Completed reload, in  1.265 seconds
Platform modules already initialized, skipping
========================================================================
Worker process is ready to serve import requests
Launched and connected shader compiler UnityShaderCompiler.exe after 0.07 seconds
Refreshing native plugins compatible for Editor in 1.12 ms, found 0 plugins.
Preloading 0 native plugins for Editor in 0.00 ms.
Unloading 1664 Unused Serialized files (Serialized files now loaded: 0)
System memory in use before: 71.8 MB.
System memory in use after: 71.9 MB.

Unloading 49 unused Assets to reduce memory usage. Loaded Objects now: 2083.
Total: 6.908600 ms (FindLiveObjects: 0.211700 ms CreateObjectMapping: 0.090900 ms MarkObjects: 6.503300 ms  DeleteObjects: 0.101300 ms)

========================================================================
Received Import Request.
  path: Assets/Art/row-2-column-2.png
  artifactKey: Guid(e63e08651a3e2024fad42d5fad086893) Importer(815301076,1909f56bfc062723c751e8b465ee728b)
Start importing Assets/Art/row-2-column-2.png using Guid(e63e08651a3e2024fad42d5fad086893) Importer(815301076,1909f56bfc062723c751e8b465ee728b)  -> (artifact id: 'e78c7e39ade0f66f864da772b61cc373') in 0.136924 seconds
  Import took 0.142000 seconds .

========================================================================
Received Import Request.
  Time since last request: 0.000231 seconds.
  path: Assets/Art/row-2-column-4.png
  artifactKey: Guid(9c1a4e1aaa710a14aaf6fc4aa5623f7d) Importer(815301076,1909f56bfc062723c751e8b465ee728b)
Start importing Assets/Art/row-2-column-4.png using Guid(9c1a4e1aaa710a14aaf6fc4aa5623f7d) Importer(815301076,1909f56bfc062723c751e8b465ee728b)  -> (artifact id: 'd6ef134a8050928dff951fe9f71eb81c') in 0.061075 seconds
  Import took 0.064311 seconds .

========================================================================
Received Import Request.
  Time since last request: 0.000222 seconds.
  path: Assets/Art/row-2-column-3.png
  artifactKey: Guid(913f3126ab0b5a64280c1388084696c5) Importer(815301076,1909f56bfc062723c751e8b465ee728b)
Start importing Assets/Art/row-2-column-3.png using Guid(913f3126ab0b5a64280c1388084696c5) Importer(815301076,1909f56bfc062723c751e8b465ee728b)  -> (artifact id: '25534dec95be05f561e6c0dd7f6c75fa') in 0.027184 seconds
  Import took 0.030531 seconds .

========================================================================
Received Import Request.
  Time since last request: 3.121771 seconds.
  path: Assets/Art/row-2-column-1.png
  artifactKey: Guid(4e3d65ed87b88474eb063164b7ac25a2) Importer(815301076,1909f56bfc062723c751e8b465ee728b)
Start importing Assets/Art/row-2-column-1.png using Guid(4e3d65ed87b88474eb063164b7ac25a2) Importer(815301076,1909f56bfc062723c751e8b465ee728b)  -> (artifact id: 'e8d6c193ecc62115097a7e586b9870d0') in 0.042125 seconds
  Import took 0.046195 seconds .

========================================================================
Received Import Request.
  Time since last request: 334.469562 seconds.
  path: Assets/Art/row-1-column-2.png
  artifactKey: Guid(b090d9141f41a214a9de9d25c373d76c) Importer(815301076,1909f56bfc062723c751e8b465ee728b)
Start importing Assets/Art/row-1-column-2.png using Guid(b090d9141f41a214a9de9d25c373d76c) Importer(815301076,1909f56bfc062723c751e8b465ee728b)  -> (artifact id: 'd262fdfc90f9998214a8faf4310c4f1c') in 0.045099 seconds
  Import took 0.051204 seconds .

========================================================================
Received Import Request.
  Time since last request: 12.547455 seconds.
  path: Assets/Art/row-2-column-1.png
  artifactKey: Guid(4e3d65ed87b88474eb063164b7ac25a2) Importer(815301076,1909f56bfc062723c751e8b465ee728b)
Start importing Assets/Art/row-2-column-1.png using Guid(4e3d65ed87b88474eb063164b7ac25a2) Importer(815301076,1909f56bfc062723c751e8b465ee728b)  -> (artifact id: 'eec826519709f4266c9874b67937b3ed') in 0.039257 seconds
  Import took 0.044657 seconds .

========================================================================
Received Import Request.
  Time since last request: 0.000300 seconds.
  path: Assets/Art/row-2-column-4.png
  artifactKey: Guid(9c1a4e1aaa710a14aaf6fc4aa5623f7d) Importer(815301076,1909f56bfc062723c751e8b465ee728b)
Start importing Assets/Art/row-2-column-4.png using Guid(9c1a4e1aaa710a14aaf6fc4aa5623f7d) Importer(815301076,1909f56bfc062723c751e8b465ee728b)  -> (artifact id: '32308cdfb41c908eeb7eb3864e8f12fd') in 0.055581 seconds
  Import took 0.060214 seconds .

========================================================================
Received Import Request.
  Time since last request: 0.000314 seconds.
  path: Assets/Art/row-3-column-2.png
  artifactKey: Guid(95c6181251654584b9be19dc1d38d2ba) Importer(815301076,1909f56bfc062723c751e8b465ee728b)
Start importing Assets/Art/row-3-column-2.png using Guid(95c6181251654584b9be19dc1d38d2ba) Importer(815301076,1909f56bfc062723c751e8b465ee728b)  -> (artifact id: '46440c31ba8e91f3deb14b5fa64229d4') in 0.032099 seconds
  Import took 0.038001 seconds .

========================================================================
Received Import Request.
  Time since last request: 0.000374 seconds.
  path: Assets/Art/row-2-column-2.png
  artifactKey: Guid(e63e08651a3e2024fad42d5fad086893) Importer(815301076,1909f56bfc062723c751e8b465ee728b)
Start importing Assets/Art/row-2-column-2.png using Guid(e63e08651a3e2024fad42d5fad086893) Importer(815301076,1909f56bfc062723c751e8b465ee728b)  -> (artifact id: '5ba28548590900ba17349f1e5597d2a3') in 0.034466 seconds
  Import took 0.038930 seconds .

========================================================================
Received Import Request.
  Time since last request: 0.000304 seconds.
  path: Assets/Art/row-2-column-3.png
  artifactKey: Guid(913f3126ab0b5a64280c1388084696c5) Importer(815301076,1909f56bfc062723c751e8b465ee728b)
Start importing Assets/Art/row-2-column-3.png using Guid(913f3126ab0b5a64280c1388084696c5) Importer(815301076,1909f56bfc062723c751e8b465ee728b)  -> (artifact id: '1a848f3e68017967bbd2b1fb5793aa48') in 0.034821 seconds
  Import took 0.038838 seconds .

========================================================================
Received Import Request.
  Time since last request: 55.400435 seconds.
  path: Assets/Art/row-1-column-2.png
  artifactKey: Guid(b090d9141f41a214a9de9d25c373d76c) Importer(815301076,1909f56bfc062723c751e8b465ee728b)
Start importing Assets/Art/row-1-column-2.png using Guid(b090d9141f41a214a9de9d25c373d76c) Importer(815301076,1909f56bfc062723c751e8b465ee728b)  -> (artifact id: '705c8a17e38f593200aeeeb7ee453281') in 0.039557 seconds
  Import took 0.044163 seconds .

========================================================================
Received Import Request.
  Time since last request: 19.903955 seconds.
  path: Assets/Art/row-2-column-1.png
  artifactKey: Guid(4e3d65ed87b88474eb063164b7ac25a2) Importer(815301076,1909f56bfc062723c751e8b465ee728b)
Start importing Assets/Art/row-2-column-1.png using Guid(4e3d65ed87b88474eb063164b7ac25a2) Importer(815301076,1909f56bfc062723c751e8b465ee728b)  -> (artifact id: '814d47ef158e4c4460bad9f49e338fa6') in 0.040588 seconds
  Import took 0.045803 seconds .

========================================================================
Received Import Request.
  Time since last request: 0.000322 seconds.
  path: Assets/Art/row-2-column-4.png
  artifactKey: Guid(9c1a4e1aaa710a14aaf6fc4aa5623f7d) Importer(815301076,1909f56bfc062723c751e8b465ee728b)
Start importing Assets/Art/row-2-column-4.png using Guid(9c1a4e1aaa710a14aaf6fc4aa5623f7d) Importer(815301076,1909f56bfc062723c751e8b465ee728b)  -> (artifact id: '5cd62b3b818f44864e688358235dcbdc') in 0.027314 seconds
  Import took 0.032985 seconds .

========================================================================
Received Import Request.
  Time since last request: 0.000519 seconds.
  path: Assets/Art/row-3-column-2.png
  artifactKey: Guid(95c6181251654584b9be19dc1d38d2ba) Importer(815301076,1909f56bfc062723c751e8b465ee728b)
Start importing Assets/Art/row-3-column-2.png using Guid(95c6181251654584b9be19dc1d38d2ba) Importer(815301076,1909f56bfc062723c751e8b465ee728b)  -> (artifact id: '35578e830126e885122a878f45b5c383') in 0.046771 seconds
  Import took 0.052608 seconds .

========================================================================
Received Import Request.
  Time since last request: 0.000209 seconds.
  path: Assets/Art/row-2-column-2.png
  artifactKey: Guid(e63e08651a3e2024fad42d5fad086893) Importer(815301076,1909f56bfc062723c751e8b465ee728b)
Start importing Assets/Art/row-2-column-2.png using Guid(e63e08651a3e2024fad42d5fad086893) Importer(815301076,1909f56bfc062723c751e8b465ee728b)  -> (artifact id: '3ca23b66083f337aa2ceee83f8ade43b') in 0.041383 seconds
  Import took 0.044653 seconds .

========================================================================
Received Import Request.
  Time since last request: 0.000303 seconds.
  path: Assets/Art/row-2-column-3.png
  artifactKey: Guid(913f3126ab0b5a64280c1388084696c5) Importer(815301076,1909f56bfc062723c751e8b465ee728b)
Start importing Assets/Art/row-2-column-3.png using Guid(913f3126ab0b5a64280c1388084696c5) Importer(815301076,1909f56bfc062723c751e8b465ee728b)  -> (artifact id: '5d3fefe9c1d9ba296370224af84faf8f') in 0.048103 seconds
  Import took 0.052134 seconds .

========================================================================
Received Prepare
Registering precompiled user dll's ...
Registered in 0.001919 seconds.
Begin MonoManager ReloadAssembly
Native extension for WindowsStandalone target not found
Native extension for WebGL target not found
Refreshing native plugins compatible for Editor in 0.60 ms, found 0 plugins.
Preloading 0 native plugins for Editor in 0.00 ms.
Mono: successfully reloaded assembly
- Completed reload, in  1.190 seconds
Platform modules already initialized, skipping
Switching build target platform(5) subTarget(0) extendedPlatform(0) -> platform(13) subTarget(589824) extendedPlatform(0)
Refreshing native plugins compatible for Editor in 0.61 ms, found 0 plugins.
Preloading 0 native plugins for Editor in 0.00 ms.
Unloading 1661 Unused Serialized files (Serialized files now loaded: 0)
System memory in use before: 71.5 MB.
System memory in use after: 71.6 MB.

Unloading 40 unused Assets to reduce memory usage. Loaded Objects now: 2088.
Total: 5.984100 ms (FindLiveObjects: 0.206500 ms CreateObjectMapping: 0.054500 ms MarkObjects: 5.671300 ms  DeleteObjects: 0.049900 ms)

AssetImportParameters requested are different than current active one (requested -> active):
  custom:graphics/normal-map-encoding: 01000000000000000000000000000000 -> 02000000000000000000000000000000
========================================================================
Received Prepare
Refreshing native plugins compatible for Editor in 9.77 ms, found 0 plugins.
Preloading 0 native plugins for Editor in 0.00 ms.
Unloading 38 Unused Serialized files (Serialized files now loaded: 0)
System memory in use before: 39.6 MB.
System memory in use after: 39.7 MB.

Unloading 38 unused Assets to reduce memory usage. Loaded Objects now: 2088.
Total: 7.022400 ms (FindLiveObjects: 0.320000 ms CreateObjectMapping: 0.093000 ms MarkObjects: 6.576900 ms  DeleteObjects: 0.031000 ms)

========================================================================
Received Import Request.
  Time since last request: 614.546753 seconds.
  path: Assets/Material/SkyBox.mat
  artifactKey: Guid(7ec333023b73dd546bf1a8930af4e5fc) Importer(815301076,1909f56bfc062723c751e8b465ee728b)
Start importing Assets/Material/SkyBox.mat using Guid(7ec333023b73dd546bf1a8930af4e5fc) Importer(815301076,1909f56bfc062723c751e8b465ee728b)  -> (artifact id: 'f5214bbf616ba060bdac651394353580') in 0.321180 seconds
  Import took 0.326010 seconds .

========================================================================
Received Import Request.
  Time since last request: 0.163890 seconds.
  path: Assets/Material/SkyBox.mat
  artifactKey: Guid(7ec333023b73dd546bf1a8930af4e5fc) Importer(815301076,1909f56bfc062723c751e8b465ee728b)
Start importing Assets/Material/SkyBox.mat using Guid(7ec333023b73dd546bf1a8930af4e5fc) Importer(815301076,1909f56bfc062723c751e8b465ee728b)  -> (artifact id: 'f5214bbf616ba060bdac651394353580') in 0.172084 seconds
  Import took 0.179091 seconds .

AssetImportWorkerClient::OnTransportError - code=2 error=End of file
